ARM GAS  C:\Users\NRM1\AppData\Local\Temp\ccYlGpDw.s 			page 1


   1              		.cpu cortex-m0
   2              		.arch armv6s-m
   3              		.fpu softvfp
   4              		.eabi_attribute 20, 1
   5              		.eabi_attribute 21, 1
   6              		.eabi_attribute 23, 3
   7              		.eabi_attribute 24, 1
   8              		.eabi_attribute 25, 1
   9              		.eabi_attribute 26, 1
  10              		.eabi_attribute 30, 1
  11              		.eabi_attribute 34, 0
  12              		.eabi_attribute 18, 4
  13              		.file	"main.c"
  14              		.text
  15              	.Ltext0:
  16              		.cfi_sections	.debug_frame
  17              		.file 1 "Core/Src/main.c"
  18              		.section	.text.MX_GPIO_Init,"ax",%progbits
  19              		.align	1
  20              		.syntax unified
  21              		.code	16
  22              		.thumb_func
  24              	MX_GPIO_Init:
  25              	.LFB42:
   1:Core/Src/main.c **** /* USER CODE BEGIN Header */
   2:Core/Src/main.c **** /**
   3:Core/Src/main.c ****   ******************************************************************************
   4:Core/Src/main.c ****   * @file           : main.c
   5:Core/Src/main.c ****   * @brief          : Main program body
   6:Core/Src/main.c ****   ******************************************************************************
   7:Core/Src/main.c ****   * @attention
   8:Core/Src/main.c ****   *
   9:Core/Src/main.c ****   * Copyright (c) 2023 STMicroelectronics.
  10:Core/Src/main.c ****   * All rights reserved.
  11:Core/Src/main.c ****   *
  12:Core/Src/main.c ****   * This software is licensed under terms that can be found in the LICENSE file
  13:Core/Src/main.c ****   * in the root directory of this software component.
  14:Core/Src/main.c ****   * If no LICENSE file comes with this software, it is provided AS-IS.
  15:Core/Src/main.c ****   *
  16:Core/Src/main.c ****   ******************************************************************************
  17:Core/Src/main.c ****   */
  18:Core/Src/main.c **** /* USER CODE END Header */
  19:Core/Src/main.c **** /* Includes ------------------------------------------------------------------*/
  20:Core/Src/main.c **** #include "main.h"
  21:Core/Src/main.c **** 
  22:Core/Src/main.c **** /* Private includes ----------------------------------------------------------*/
  23:Core/Src/main.c **** /* USER CODE BEGIN Includes */
  24:Core/Src/main.c **** 
  25:Core/Src/main.c **** /* USER CODE END Includes */
  26:Core/Src/main.c **** 
  27:Core/Src/main.c **** /* Private typedef -----------------------------------------------------------*/
  28:Core/Src/main.c **** /* USER CODE BEGIN PTD */
  29:Core/Src/main.c **** 
  30:Core/Src/main.c **** /* USER CODE END PTD */
  31:Core/Src/main.c **** 
  32:Core/Src/main.c **** /* Private define ------------------------------------------------------------*/
  33:Core/Src/main.c **** /* USER CODE BEGIN PD */
ARM GAS  C:\Users\NRM1\AppData\Local\Temp\ccYlGpDw.s 			page 2


  34:Core/Src/main.c **** /* USER CODE END PD */
  35:Core/Src/main.c **** 
  36:Core/Src/main.c **** /* Private macro -------------------------------------------------------------*/
  37:Core/Src/main.c **** /* USER CODE BEGIN PM */
  38:Core/Src/main.c **** 
  39:Core/Src/main.c **** /* USER CODE END PM */
  40:Core/Src/main.c **** 
  41:Core/Src/main.c **** /* Private variables ---------------------------------------------------------*/
  42:Core/Src/main.c **** 
  43:Core/Src/main.c **** /* USER CODE BEGIN PV */
  44:Core/Src/main.c **** 
  45:Core/Src/main.c **** /* USER CODE END PV */
  46:Core/Src/main.c **** 
  47:Core/Src/main.c **** /* Private function prototypes -----------------------------------------------*/
  48:Core/Src/main.c **** void SystemClock_Config(void);
  49:Core/Src/main.c **** static void MX_GPIO_Init(void);
  50:Core/Src/main.c **** /* USER CODE BEGIN PFP */
  51:Core/Src/main.c **** 
  52:Core/Src/main.c **** /* USER CODE END PFP */
  53:Core/Src/main.c **** 
  54:Core/Src/main.c **** /* Private user code ---------------------------------------------------------*/
  55:Core/Src/main.c **** /* USER CODE BEGIN 0 */
  56:Core/Src/main.c **** 
  57:Core/Src/main.c **** /* USER CODE END 0 */
  58:Core/Src/main.c **** 
  59:Core/Src/main.c **** /**
  60:Core/Src/main.c ****   * @brief  The application entry point.
  61:Core/Src/main.c ****   * @retval int
  62:Core/Src/main.c ****   */
  63:Core/Src/main.c **** int main(void)
  64:Core/Src/main.c **** {
  65:Core/Src/main.c ****   /* USER CODE BEGIN 1 */
  66:Core/Src/main.c **** 
  67:Core/Src/main.c ****   /* USER CODE END 1 */
  68:Core/Src/main.c **** 
  69:Core/Src/main.c ****   /* MCU Configuration--------------------------------------------------------*/
  70:Core/Src/main.c **** 
  71:Core/Src/main.c ****   /* Reset of all peripherals, Initializes the Flash interface and the Systick. */
  72:Core/Src/main.c ****   HAL_Init();
  73:Core/Src/main.c **** 
  74:Core/Src/main.c ****   /* USER CODE BEGIN Init */
  75:Core/Src/main.c **** 
  76:Core/Src/main.c ****   /* USER CODE END Init */
  77:Core/Src/main.c **** 
  78:Core/Src/main.c ****   /* Configure the system clock */
  79:Core/Src/main.c ****   SystemClock_Config();
  80:Core/Src/main.c **** 
  81:Core/Src/main.c ****   /* USER CODE BEGIN SysInit */
  82:Core/Src/main.c **** 
  83:Core/Src/main.c ****   /* USER CODE END SysInit */
  84:Core/Src/main.c **** 
  85:Core/Src/main.c ****   /* Initialize all configured peripherals */
  86:Core/Src/main.c ****   MX_GPIO_Init();
  87:Core/Src/main.c ****   /* USER CODE BEGIN 2 */
  88:Core/Src/main.c **** 
  89:Core/Src/main.c ****   /* USER CODE END 2 */
  90:Core/Src/main.c **** 
ARM GAS  C:\Users\NRM1\AppData\Local\Temp\ccYlGpDw.s 			page 3


  91:Core/Src/main.c ****   /* Infinite loop */
  92:Core/Src/main.c ****   /* USER CODE BEGIN WHILE */
  93:Core/Src/main.c ****   while (1)
  94:Core/Src/main.c ****   {	HAL_GPIO_TogglePin(LD4_GPIO_Port,LD4_Pin);
  95:Core/Src/main.c **** 	//HAL_GPIO_TogglePin(LD3_GPIO_Port,LD3_Pin);
  96:Core/Src/main.c **** 	HAL_Delay(100);
  97:Core/Src/main.c **** 
  98:Core/Src/main.c **** 	 // HAL_GPIO_TogglePin(GPIOC,GPIO_PIN_8);
  99:Core/Src/main.c **** 	//  HAL_delay(500);
 100:Core/Src/main.c ****     /* USER CODE END WHILE */
 101:Core/Src/main.c **** 
 102:Core/Src/main.c ****     /* USER CODE BEGIN 3 */
 103:Core/Src/main.c ****   }
 104:Core/Src/main.c ****   /* USER CODE END 3 */
 105:Core/Src/main.c **** }
 106:Core/Src/main.c **** 
 107:Core/Src/main.c **** /**
 108:Core/Src/main.c ****   * @brief System Clock Configuration
 109:Core/Src/main.c ****   * @retval None
 110:Core/Src/main.c ****   */
 111:Core/Src/main.c **** void SystemClock_Config(void)
 112:Core/Src/main.c **** {
 113:Core/Src/main.c ****   RCC_OscInitTypeDef RCC_OscInitStruct = {0};
 114:Core/Src/main.c ****   RCC_ClkInitTypeDef RCC_ClkInitStruct = {0};
 115:Core/Src/main.c **** 
 116:Core/Src/main.c ****   /** Initializes the RCC Oscillators according to the specified parameters
 117:Core/Src/main.c ****   * in the RCC_OscInitTypeDef structure.
 118:Core/Src/main.c ****   */
 119:Core/Src/main.c ****   RCC_OscInitStruct.OscillatorType = RCC_OSCILLATORTYPE_HSI;
 120:Core/Src/main.c ****   RCC_OscInitStruct.HSIState = RCC_HSI_ON;
 121:Core/Src/main.c ****   RCC_OscInitStruct.HSICalibrationValue = RCC_HSICALIBRATION_DEFAULT;
 122:Core/Src/main.c ****   RCC_OscInitStruct.PLL.PLLState = RCC_PLL_ON;
 123:Core/Src/main.c ****   RCC_OscInitStruct.PLL.PLLSource = RCC_PLLSOURCE_HSI;
 124:Core/Src/main.c ****   RCC_OscInitStruct.PLL.PLLMUL = RCC_PLL_MUL12;
 125:Core/Src/main.c ****   RCC_OscInitStruct.PLL.PREDIV = RCC_PREDIV_DIV1;
 126:Core/Src/main.c ****   if (HAL_RCC_OscConfig(&RCC_OscInitStruct) != HAL_OK)
 127:Core/Src/main.c ****   {
 128:Core/Src/main.c ****     Error_Handler();
 129:Core/Src/main.c ****   }
 130:Core/Src/main.c **** 
 131:Core/Src/main.c ****   /** Initializes the CPU, AHB and APB buses clocks
 132:Core/Src/main.c ****   */
 133:Core/Src/main.c ****   RCC_ClkInitStruct.ClockType = RCC_CLOCKTYPE_HCLK|RCC_CLOCKTYPE_SYSCLK
 134:Core/Src/main.c ****                               |RCC_CLOCKTYPE_PCLK1;
 135:Core/Src/main.c ****   RCC_ClkInitStruct.SYSCLKSource = RCC_SYSCLKSOURCE_PLLCLK;
 136:Core/Src/main.c ****   RCC_ClkInitStruct.AHBCLKDivider = RCC_SYSCLK_DIV1;
 137:Core/Src/main.c ****   RCC_ClkInitStruct.APB1CLKDivider = RCC_HCLK_DIV1;
 138:Core/Src/main.c **** 
 139:Core/Src/main.c ****   if (HAL_RCC_ClockConfig(&RCC_ClkInitStruct, FLASH_LATENCY_1) != HAL_OK)
 140:Core/Src/main.c ****   {
 141:Core/Src/main.c ****     Error_Handler();
 142:Core/Src/main.c ****   }
 143:Core/Src/main.c **** }
 144:Core/Src/main.c **** 
 145:Core/Src/main.c **** /**
 146:Core/Src/main.c ****   * @brief GPIO Initialization Function
 147:Core/Src/main.c ****   * @param None
ARM GAS  C:\Users\NRM1\AppData\Local\Temp\ccYlGpDw.s 			page 4


 148:Core/Src/main.c ****   * @retval None
 149:Core/Src/main.c ****   */
 150:Core/Src/main.c **** static void MX_GPIO_Init(void)
 151:Core/Src/main.c **** {
  26              		.loc 1 151 1 view -0
  27              		.cfi_startproc
  28              		@ args = 0, pretend = 0, frame = 32
  29              		@ frame_needed = 0, uses_anonymous_args = 0
  30 0000 F0B5     		push	{r4, r5, r6, r7, lr}
  31              	.LCFI0:
  32              		.cfi_def_cfa_offset 20
  33              		.cfi_offset 4, -20
  34              		.cfi_offset 5, -16
  35              		.cfi_offset 6, -12
  36              		.cfi_offset 7, -8
  37              		.cfi_offset 14, -4
  38 0002 89B0     		sub	sp, sp, #36
  39              	.LCFI1:
  40              		.cfi_def_cfa_offset 56
 152:Core/Src/main.c ****   GPIO_InitTypeDef GPIO_InitStruct = {0};
  41              		.loc 1 152 3 view .LVU1
  42              		.loc 1 152 20 is_stmt 0 view .LVU2
  43 0004 1422     		movs	r2, #20
  44 0006 0021     		movs	r1, #0
  45 0008 03A8     		add	r0, sp, #12
  46 000a FFF7FEFF 		bl	memset
  47              	.LVL0:
 153:Core/Src/main.c **** 
 154:Core/Src/main.c ****   /* GPIO Ports Clock Enable */
 155:Core/Src/main.c ****   __HAL_RCC_GPIOA_CLK_ENABLE();
  48              		.loc 1 155 3 is_stmt 1 view .LVU3
  49              	.LBB4:
  50              		.loc 1 155 3 view .LVU4
  51              		.loc 1 155 3 view .LVU5
  52 000e 184B     		ldr	r3, .L2
  53 0010 5A69     		ldr	r2, [r3, #20]
  54 0012 8021     		movs	r1, #128
  55 0014 8902     		lsls	r1, r1, #10
  56 0016 0A43     		orrs	r2, r1
  57 0018 5A61     		str	r2, [r3, #20]
  58              		.loc 1 155 3 view .LVU6
  59 001a 5A69     		ldr	r2, [r3, #20]
  60 001c 0A40     		ands	r2, r1
  61 001e 0192     		str	r2, [sp, #4]
  62              		.loc 1 155 3 view .LVU7
  63 0020 019A     		ldr	r2, [sp, #4]
  64              	.LBE4:
  65              		.loc 1 155 3 view .LVU8
 156:Core/Src/main.c ****   __HAL_RCC_GPIOC_CLK_ENABLE();
  66              		.loc 1 156 3 view .LVU9
  67              	.LBB5:
  68              		.loc 1 156 3 view .LVU10
  69              		.loc 1 156 3 view .LVU11
  70 0022 5A69     		ldr	r2, [r3, #20]
  71 0024 8021     		movs	r1, #128
  72 0026 0903     		lsls	r1, r1, #12
  73 0028 0A43     		orrs	r2, r1
ARM GAS  C:\Users\NRM1\AppData\Local\Temp\ccYlGpDw.s 			page 5


  74 002a 5A61     		str	r2, [r3, #20]
  75              		.loc 1 156 3 view .LVU12
  76 002c 5B69     		ldr	r3, [r3, #20]
  77 002e 0B40     		ands	r3, r1
  78 0030 0293     		str	r3, [sp, #8]
  79              		.loc 1 156 3 view .LVU13
  80 0032 029B     		ldr	r3, [sp, #8]
  81              	.LBE5:
  82              		.loc 1 156 3 view .LVU14
 157:Core/Src/main.c **** 
 158:Core/Src/main.c ****   /*Configure GPIO pin Output Level */
 159:Core/Src/main.c ****   HAL_GPIO_WritePin(GPIOC, LD4_Pin|LD3_Pin, GPIO_PIN_RESET);
  83              		.loc 1 159 3 view .LVU15
  84 0034 C027     		movs	r7, #192
  85 0036 BF00     		lsls	r7, r7, #2
  86 0038 0E4D     		ldr	r5, .L2+4
  87 003a 0022     		movs	r2, #0
  88 003c 3900     		movs	r1, r7
  89 003e 2800     		movs	r0, r5
  90 0040 FFF7FEFF 		bl	HAL_GPIO_WritePin
  91              	.LVL1:
 160:Core/Src/main.c **** 
 161:Core/Src/main.c ****   /*Configure GPIO pin : B1_Pin */
 162:Core/Src/main.c ****   GPIO_InitStruct.Pin = B1_Pin;
  92              		.loc 1 162 3 view .LVU16
  93              		.loc 1 162 23 is_stmt 0 view .LVU17
  94 0044 0126     		movs	r6, #1
  95 0046 0396     		str	r6, [sp, #12]
 163:Core/Src/main.c ****   GPIO_InitStruct.Mode = GPIO_MODE_EVT_RISING;
  96              		.loc 1 163 3 is_stmt 1 view .LVU18
  97              		.loc 1 163 24 is_stmt 0 view .LVU19
  98 0048 9023     		movs	r3, #144
  99 004a 5B03     		lsls	r3, r3, #13
 100 004c 0493     		str	r3, [sp, #16]
 164:Core/Src/main.c ****   GPIO_InitStruct.Pull = GPIO_NOPULL;
 101              		.loc 1 164 3 is_stmt 1 view .LVU20
 102              		.loc 1 164 24 is_stmt 0 view .LVU21
 103 004e 0024     		movs	r4, #0
 104 0050 0594     		str	r4, [sp, #20]
 165:Core/Src/main.c ****   HAL_GPIO_Init(B1_GPIO_Port, &GPIO_InitStruct);
 105              		.loc 1 165 3 is_stmt 1 view .LVU22
 106 0052 9020     		movs	r0, #144
 107 0054 03A9     		add	r1, sp, #12
 108 0056 C005     		lsls	r0, r0, #23
 109 0058 FFF7FEFF 		bl	HAL_GPIO_Init
 110              	.LVL2:
 166:Core/Src/main.c **** 
 167:Core/Src/main.c ****   /*Configure GPIO pins : LD4_Pin LD3_Pin */
 168:Core/Src/main.c ****   GPIO_InitStruct.Pin = LD4_Pin|LD3_Pin;
 111              		.loc 1 168 3 view .LVU23
 112              		.loc 1 168 23 is_stmt 0 view .LVU24
 113 005c 0397     		str	r7, [sp, #12]
 169:Core/Src/main.c ****   GPIO_InitStruct.Mode = GPIO_MODE_OUTPUT_PP;
 114              		.loc 1 169 3 is_stmt 1 view .LVU25
 115              		.loc 1 169 24 is_stmt 0 view .LVU26
 116 005e 0496     		str	r6, [sp, #16]
 170:Core/Src/main.c ****   GPIO_InitStruct.Pull = GPIO_NOPULL;
ARM GAS  C:\Users\NRM1\AppData\Local\Temp\ccYlGpDw.s 			page 6


 117              		.loc 1 170 3 is_stmt 1 view .LVU27
 118              		.loc 1 170 24 is_stmt 0 view .LVU28
 119 0060 0594     		str	r4, [sp, #20]
 171:Core/Src/main.c ****   GPIO_InitStruct.Speed = GPIO_SPEED_FREQ_LOW;
 120              		.loc 1 171 3 is_stmt 1 view .LVU29
 121              		.loc 1 171 25 is_stmt 0 view .LVU30
 122 0062 0694     		str	r4, [sp, #24]
 172:Core/Src/main.c ****   HAL_GPIO_Init(GPIOC, &GPIO_InitStruct);
 123              		.loc 1 172 3 is_stmt 1 view .LVU31
 124 0064 03A9     		add	r1, sp, #12
 125 0066 2800     		movs	r0, r5
 126 0068 FFF7FEFF 		bl	HAL_GPIO_Init
 127              	.LVL3:
 173:Core/Src/main.c **** 
 174:Core/Src/main.c **** }
 128              		.loc 1 174 1 is_stmt 0 view .LVU32
 129 006c 09B0     		add	sp, sp, #36
 130              		@ sp needed
 131 006e F0BD     		pop	{r4, r5, r6, r7, pc}
 132              	.L3:
 133              		.align	2
 134              	.L2:
 135 0070 00100240 		.word	1073876992
 136 0074 00080048 		.word	1207961600
 137              		.cfi_endproc
 138              	.LFE42:
 140              		.section	.text.Error_Handler,"ax",%progbits
 141              		.align	1
 142              		.global	Error_Handler
 143              		.syntax unified
 144              		.code	16
 145              		.thumb_func
 147              	Error_Handler:
 148              	.LFB43:
 175:Core/Src/main.c **** 
 176:Core/Src/main.c **** /* USER CODE BEGIN 4 */
 177:Core/Src/main.c **** 
 178:Core/Src/main.c **** /* USER CODE END 4 */
 179:Core/Src/main.c **** 
 180:Core/Src/main.c **** /**
 181:Core/Src/main.c ****   * @brief  This function is executed in case of error occurrence.
 182:Core/Src/main.c ****   * @retval None
 183:Core/Src/main.c ****   */
 184:Core/Src/main.c **** void Error_Handler(void)
 185:Core/Src/main.c **** {
 149              		.loc 1 185 1 is_stmt 1 view -0
 150              		.cfi_startproc
 151              		@ Volatile: function does not return.
 152              		@ args = 0, pretend = 0, frame = 0
 153              		@ frame_needed = 0, uses_anonymous_args = 0
 154              		@ link register save eliminated.
 186:Core/Src/main.c ****   /* USER CODE BEGIN Error_Handler_Debug */
 187:Core/Src/main.c ****   /* User can add his own implementation to report the HAL error return state */
 188:Core/Src/main.c ****   __disable_irq();
 155              		.loc 1 188 3 view .LVU34
 156              	.LBB6:
 157              	.LBI6:
ARM GAS  C:\Users\NRM1\AppData\Local\Temp\ccYlGpDw.s 			page 7


 158              		.file 2 "Drivers/CMSIS/Include/cmsis_gcc.h"
   1:Drivers/CMSIS/Include/cmsis_gcc.h **** /**************************************************************************//**
   2:Drivers/CMSIS/Include/cmsis_gcc.h ****  * @file     cmsis_gcc.h
   3:Drivers/CMSIS/Include/cmsis_gcc.h ****  * @brief    CMSIS compiler GCC header file
   4:Drivers/CMSIS/Include/cmsis_gcc.h ****  * @version  V5.0.4
   5:Drivers/CMSIS/Include/cmsis_gcc.h ****  * @date     09. April 2018
   6:Drivers/CMSIS/Include/cmsis_gcc.h ****  ******************************************************************************/
   7:Drivers/CMSIS/Include/cmsis_gcc.h **** /*
   8:Drivers/CMSIS/Include/cmsis_gcc.h ****  * Copyright (c) 2009-2018 Arm Limited. All rights reserved.
   9:Drivers/CMSIS/Include/cmsis_gcc.h ****  *
  10:Drivers/CMSIS/Include/cmsis_gcc.h ****  * SPDX-License-Identifier: Apache-2.0
  11:Drivers/CMSIS/Include/cmsis_gcc.h ****  *
  12:Drivers/CMSIS/Include/cmsis_gcc.h ****  * Licensed under the Apache License, Version 2.0 (the License); you may
  13:Drivers/CMSIS/Include/cmsis_gcc.h ****  * not use this file except in compliance with the License.
  14:Drivers/CMSIS/Include/cmsis_gcc.h ****  * You may obtain a copy of the License at
  15:Drivers/CMSIS/Include/cmsis_gcc.h ****  *
  16:Drivers/CMSIS/Include/cmsis_gcc.h ****  * www.apache.org/licenses/LICENSE-2.0
  17:Drivers/CMSIS/Include/cmsis_gcc.h ****  *
  18:Drivers/CMSIS/Include/cmsis_gcc.h ****  * Unless required by applicable law or agreed to in writing, software
  19:Drivers/CMSIS/Include/cmsis_gcc.h ****  * distributed under the License is distributed on an AS IS BASIS, WITHOUT
  20:Drivers/CMSIS/Include/cmsis_gcc.h ****  * WARRANTIES OR CONDITIONS OF ANY KIND, either express or implied.
  21:Drivers/CMSIS/Include/cmsis_gcc.h ****  * See the License for the specific language governing permissions and
  22:Drivers/CMSIS/Include/cmsis_gcc.h ****  * limitations under the License.
  23:Drivers/CMSIS/Include/cmsis_gcc.h ****  */
  24:Drivers/CMSIS/Include/cmsis_gcc.h **** 
  25:Drivers/CMSIS/Include/cmsis_gcc.h **** #ifndef __CMSIS_GCC_H
  26:Drivers/CMSIS/Include/cmsis_gcc.h **** #define __CMSIS_GCC_H
  27:Drivers/CMSIS/Include/cmsis_gcc.h **** 
  28:Drivers/CMSIS/Include/cmsis_gcc.h **** /* ignore some GCC warnings */
  29:Drivers/CMSIS/Include/cmsis_gcc.h **** #pragma GCC diagnostic push
  30:Drivers/CMSIS/Include/cmsis_gcc.h **** #pragma GCC diagnostic ignored "-Wsign-conversion"
  31:Drivers/CMSIS/Include/cmsis_gcc.h **** #pragma GCC diagnostic ignored "-Wconversion"
  32:Drivers/CMSIS/Include/cmsis_gcc.h **** #pragma GCC diagnostic ignored "-Wunused-parameter"
  33:Drivers/CMSIS/Include/cmsis_gcc.h **** 
  34:Drivers/CMSIS/Include/cmsis_gcc.h **** /* Fallback for __has_builtin */
  35:Drivers/CMSIS/Include/cmsis_gcc.h **** #ifndef __has_builtin
  36:Drivers/CMSIS/Include/cmsis_gcc.h ****   #define __has_builtin(x) (0)
  37:Drivers/CMSIS/Include/cmsis_gcc.h **** #endif
  38:Drivers/CMSIS/Include/cmsis_gcc.h **** 
  39:Drivers/CMSIS/Include/cmsis_gcc.h **** /* CMSIS compiler specific defines */
  40:Drivers/CMSIS/Include/cmsis_gcc.h **** #ifndef   __ASM
  41:Drivers/CMSIS/Include/cmsis_gcc.h ****   #define __ASM                                  __asm
  42:Drivers/CMSIS/Include/cmsis_gcc.h **** #endif
  43:Drivers/CMSIS/Include/cmsis_gcc.h **** #ifndef   __INLINE
  44:Drivers/CMSIS/Include/cmsis_gcc.h ****   #define __INLINE                               inline
  45:Drivers/CMSIS/Include/cmsis_gcc.h **** #endif
  46:Drivers/CMSIS/Include/cmsis_gcc.h **** #ifndef   __STATIC_INLINE
  47:Drivers/CMSIS/Include/cmsis_gcc.h ****   #define __STATIC_INLINE                        static inline
  48:Drivers/CMSIS/Include/cmsis_gcc.h **** #endif
  49:Drivers/CMSIS/Include/cmsis_gcc.h **** #ifndef   __STATIC_FORCEINLINE                 
  50:Drivers/CMSIS/Include/cmsis_gcc.h ****   #define __STATIC_FORCEINLINE                   __attribute__((always_inline)) static inline
  51:Drivers/CMSIS/Include/cmsis_gcc.h **** #endif                                           
  52:Drivers/CMSIS/Include/cmsis_gcc.h **** #ifndef   __NO_RETURN
  53:Drivers/CMSIS/Include/cmsis_gcc.h ****   #define __NO_RETURN                            __attribute__((__noreturn__))
  54:Drivers/CMSIS/Include/cmsis_gcc.h **** #endif
  55:Drivers/CMSIS/Include/cmsis_gcc.h **** #ifndef   __USED
  56:Drivers/CMSIS/Include/cmsis_gcc.h ****   #define __USED                                 __attribute__((used))
ARM GAS  C:\Users\NRM1\AppData\Local\Temp\ccYlGpDw.s 			page 8


  57:Drivers/CMSIS/Include/cmsis_gcc.h **** #endif
  58:Drivers/CMSIS/Include/cmsis_gcc.h **** #ifndef   __WEAK
  59:Drivers/CMSIS/Include/cmsis_gcc.h ****   #define __WEAK                                 __attribute__((weak))
  60:Drivers/CMSIS/Include/cmsis_gcc.h **** #endif
  61:Drivers/CMSIS/Include/cmsis_gcc.h **** #ifndef   __PACKED
  62:Drivers/CMSIS/Include/cmsis_gcc.h ****   #define __PACKED                               __attribute__((packed, aligned(1)))
  63:Drivers/CMSIS/Include/cmsis_gcc.h **** #endif
  64:Drivers/CMSIS/Include/cmsis_gcc.h **** #ifndef   __PACKED_STRUCT
  65:Drivers/CMSIS/Include/cmsis_gcc.h ****   #define __PACKED_STRUCT                        struct __attribute__((packed, aligned(1)))
  66:Drivers/CMSIS/Include/cmsis_gcc.h **** #endif
  67:Drivers/CMSIS/Include/cmsis_gcc.h **** #ifndef   __PACKED_UNION
  68:Drivers/CMSIS/Include/cmsis_gcc.h ****   #define __PACKED_UNION                         union __attribute__((packed, aligned(1)))
  69:Drivers/CMSIS/Include/cmsis_gcc.h **** #endif
  70:Drivers/CMSIS/Include/cmsis_gcc.h **** #ifndef   __UNALIGNED_UINT32        /* deprecated */
  71:Drivers/CMSIS/Include/cmsis_gcc.h ****   #pragma GCC diagnostic push
  72:Drivers/CMSIS/Include/cmsis_gcc.h ****   #pragma GCC diagnostic ignored "-Wpacked"
  73:Drivers/CMSIS/Include/cmsis_gcc.h ****   #pragma GCC diagnostic ignored "-Wattributes"
  74:Drivers/CMSIS/Include/cmsis_gcc.h ****   struct __attribute__((packed)) T_UINT32 { uint32_t v; };
  75:Drivers/CMSIS/Include/cmsis_gcc.h ****   #pragma GCC diagnostic pop
  76:Drivers/CMSIS/Include/cmsis_gcc.h ****   #define __UNALIGNED_UINT32(x)                  (((struct T_UINT32 *)(x))->v)
  77:Drivers/CMSIS/Include/cmsis_gcc.h **** #endif
  78:Drivers/CMSIS/Include/cmsis_gcc.h **** #ifndef   __UNALIGNED_UINT16_WRITE
  79:Drivers/CMSIS/Include/cmsis_gcc.h ****   #pragma GCC diagnostic push
  80:Drivers/CMSIS/Include/cmsis_gcc.h ****   #pragma GCC diagnostic ignored "-Wpacked"
  81:Drivers/CMSIS/Include/cmsis_gcc.h ****   #pragma GCC diagnostic ignored "-Wattributes"
  82:Drivers/CMSIS/Include/cmsis_gcc.h ****   __PACKED_STRUCT T_UINT16_WRITE { uint16_t v; };
  83:Drivers/CMSIS/Include/cmsis_gcc.h ****   #pragma GCC diagnostic pop
  84:Drivers/CMSIS/Include/cmsis_gcc.h ****   #define __UNALIGNED_UINT16_WRITE(addr, val)    (void)((((struct T_UINT16_WRITE *)(void *)(addr))-
  85:Drivers/CMSIS/Include/cmsis_gcc.h **** #endif
  86:Drivers/CMSIS/Include/cmsis_gcc.h **** #ifndef   __UNALIGNED_UINT16_READ
  87:Drivers/CMSIS/Include/cmsis_gcc.h ****   #pragma GCC diagnostic push
  88:Drivers/CMSIS/Include/cmsis_gcc.h ****   #pragma GCC diagnostic ignored "-Wpacked"
  89:Drivers/CMSIS/Include/cmsis_gcc.h ****   #pragma GCC diagnostic ignored "-Wattributes"
  90:Drivers/CMSIS/Include/cmsis_gcc.h ****   __PACKED_STRUCT T_UINT16_READ { uint16_t v; };
  91:Drivers/CMSIS/Include/cmsis_gcc.h ****   #pragma GCC diagnostic pop
  92:Drivers/CMSIS/Include/cmsis_gcc.h ****   #define __UNALIGNED_UINT16_READ(addr)          (((const struct T_UINT16_READ *)(const void *)(add
  93:Drivers/CMSIS/Include/cmsis_gcc.h **** #endif
  94:Drivers/CMSIS/Include/cmsis_gcc.h **** #ifndef   __UNALIGNED_UINT32_WRITE
  95:Drivers/CMSIS/Include/cmsis_gcc.h ****   #pragma GCC diagnostic push
  96:Drivers/CMSIS/Include/cmsis_gcc.h ****   #pragma GCC diagnostic ignored "-Wpacked"
  97:Drivers/CMSIS/Include/cmsis_gcc.h ****   #pragma GCC diagnostic ignored "-Wattributes"
  98:Drivers/CMSIS/Include/cmsis_gcc.h ****   __PACKED_STRUCT T_UINT32_WRITE { uint32_t v; };
  99:Drivers/CMSIS/Include/cmsis_gcc.h ****   #pragma GCC diagnostic pop
 100:Drivers/CMSIS/Include/cmsis_gcc.h ****   #define __UNALIGNED_UINT32_WRITE(addr, val)    (void)((((struct T_UINT32_WRITE *)(void *)(addr))-
 101:Drivers/CMSIS/Include/cmsis_gcc.h **** #endif
 102:Drivers/CMSIS/Include/cmsis_gcc.h **** #ifndef   __UNALIGNED_UINT32_READ
 103:Drivers/CMSIS/Include/cmsis_gcc.h ****   #pragma GCC diagnostic push
 104:Drivers/CMSIS/Include/cmsis_gcc.h ****   #pragma GCC diagnostic ignored "-Wpacked"
 105:Drivers/CMSIS/Include/cmsis_gcc.h ****   #pragma GCC diagnostic ignored "-Wattributes"
 106:Drivers/CMSIS/Include/cmsis_gcc.h ****   __PACKED_STRUCT T_UINT32_READ { uint32_t v; };
 107:Drivers/CMSIS/Include/cmsis_gcc.h ****   #pragma GCC diagnostic pop
 108:Drivers/CMSIS/Include/cmsis_gcc.h ****   #define __UNALIGNED_UINT32_READ(addr)          (((const struct T_UINT32_READ *)(const void *)(add
 109:Drivers/CMSIS/Include/cmsis_gcc.h **** #endif
 110:Drivers/CMSIS/Include/cmsis_gcc.h **** #ifndef   __ALIGNED
 111:Drivers/CMSIS/Include/cmsis_gcc.h ****   #define __ALIGNED(x)                           __attribute__((aligned(x)))
 112:Drivers/CMSIS/Include/cmsis_gcc.h **** #endif
 113:Drivers/CMSIS/Include/cmsis_gcc.h **** #ifndef   __RESTRICT
ARM GAS  C:\Users\NRM1\AppData\Local\Temp\ccYlGpDw.s 			page 9


 114:Drivers/CMSIS/Include/cmsis_gcc.h ****   #define __RESTRICT                             __restrict
 115:Drivers/CMSIS/Include/cmsis_gcc.h **** #endif
 116:Drivers/CMSIS/Include/cmsis_gcc.h **** 
 117:Drivers/CMSIS/Include/cmsis_gcc.h **** 
 118:Drivers/CMSIS/Include/cmsis_gcc.h **** /* ###########################  Core Function Access  ########################### */
 119:Drivers/CMSIS/Include/cmsis_gcc.h **** /** \ingroup  CMSIS_Core_FunctionInterface
 120:Drivers/CMSIS/Include/cmsis_gcc.h ****     \defgroup CMSIS_Core_RegAccFunctions CMSIS Core Register Access Functions
 121:Drivers/CMSIS/Include/cmsis_gcc.h ****   @{
 122:Drivers/CMSIS/Include/cmsis_gcc.h ****  */
 123:Drivers/CMSIS/Include/cmsis_gcc.h **** 
 124:Drivers/CMSIS/Include/cmsis_gcc.h **** /**
 125:Drivers/CMSIS/Include/cmsis_gcc.h ****   \brief   Enable IRQ Interrupts
 126:Drivers/CMSIS/Include/cmsis_gcc.h ****   \details Enables IRQ interrupts by clearing the I-bit in the CPSR.
 127:Drivers/CMSIS/Include/cmsis_gcc.h ****            Can only be executed in Privileged modes.
 128:Drivers/CMSIS/Include/cmsis_gcc.h ****  */
 129:Drivers/CMSIS/Include/cmsis_gcc.h **** __STATIC_FORCEINLINE void __enable_irq(void)
 130:Drivers/CMSIS/Include/cmsis_gcc.h **** {
 131:Drivers/CMSIS/Include/cmsis_gcc.h ****   __ASM volatile ("cpsie i" : : : "memory");
 132:Drivers/CMSIS/Include/cmsis_gcc.h **** }
 133:Drivers/CMSIS/Include/cmsis_gcc.h **** 
 134:Drivers/CMSIS/Include/cmsis_gcc.h **** 
 135:Drivers/CMSIS/Include/cmsis_gcc.h **** /**
 136:Drivers/CMSIS/Include/cmsis_gcc.h ****   \brief   Disable IRQ Interrupts
 137:Drivers/CMSIS/Include/cmsis_gcc.h ****   \details Disables IRQ interrupts by setting the I-bit in the CPSR.
 138:Drivers/CMSIS/Include/cmsis_gcc.h ****            Can only be executed in Privileged modes.
 139:Drivers/CMSIS/Include/cmsis_gcc.h ****  */
 140:Drivers/CMSIS/Include/cmsis_gcc.h **** __STATIC_FORCEINLINE void __disable_irq(void)
 159              		.loc 2 140 27 view .LVU35
 160              	.LBB7:
 141:Drivers/CMSIS/Include/cmsis_gcc.h **** {
 142:Drivers/CMSIS/Include/cmsis_gcc.h ****   __ASM volatile ("cpsid i" : : : "memory");
 161              		.loc 2 142 3 view .LVU36
 162              		.syntax divided
 163              	@ 142 "Drivers/CMSIS/Include/cmsis_gcc.h" 1
 164 0000 72B6     		cpsid i
 165              	@ 0 "" 2
 166              		.thumb
 167              		.syntax unified
 168              	.L5:
 169              	.LBE7:
 170              	.LBE6:
 189:Core/Src/main.c ****   while (1)
 171              		.loc 1 189 3 discriminator 1 view .LVU37
 190:Core/Src/main.c ****   {
 191:Core/Src/main.c ****   }
 172              		.loc 1 191 3 discriminator 1 view .LVU38
 189:Core/Src/main.c ****   while (1)
 173              		.loc 1 189 9 discriminator 1 view .LVU39
 174 0002 FEE7     		b	.L5
 175              		.cfi_endproc
 176              	.LFE43:
 178              		.section	.text.SystemClock_Config,"ax",%progbits
 179              		.align	1
 180              		.global	SystemClock_Config
 181              		.syntax unified
 182              		.code	16
 183              		.thumb_func
ARM GAS  C:\Users\NRM1\AppData\Local\Temp\ccYlGpDw.s 			page 10


 185              	SystemClock_Config:
 186              	.LFB41:
 112:Core/Src/main.c ****   RCC_OscInitTypeDef RCC_OscInitStruct = {0};
 187              		.loc 1 112 1 view -0
 188              		.cfi_startproc
 189              		@ args = 0, pretend = 0, frame = 64
 190              		@ frame_needed = 0, uses_anonymous_args = 0
 191 0000 00B5     		push	{lr}
 192              	.LCFI2:
 193              		.cfi_def_cfa_offset 4
 194              		.cfi_offset 14, -4
 195 0002 91B0     		sub	sp, sp, #68
 196              	.LCFI3:
 197              		.cfi_def_cfa_offset 72
 113:Core/Src/main.c ****   RCC_ClkInitTypeDef RCC_ClkInitStruct = {0};
 198              		.loc 1 113 3 view .LVU41
 113:Core/Src/main.c ****   RCC_ClkInitTypeDef RCC_ClkInitStruct = {0};
 199              		.loc 1 113 22 is_stmt 0 view .LVU42
 200 0004 3022     		movs	r2, #48
 201 0006 0021     		movs	r1, #0
 202 0008 04A8     		add	r0, sp, #16
 203 000a FFF7FEFF 		bl	memset
 204              	.LVL4:
 114:Core/Src/main.c **** 
 205              		.loc 1 114 3 is_stmt 1 view .LVU43
 114:Core/Src/main.c **** 
 206              		.loc 1 114 22 is_stmt 0 view .LVU44
 207 000e 1022     		movs	r2, #16
 208 0010 0021     		movs	r1, #0
 209 0012 6846     		mov	r0, sp
 210 0014 FFF7FEFF 		bl	memset
 211              	.LVL5:
 119:Core/Src/main.c ****   RCC_OscInitStruct.HSIState = RCC_HSI_ON;
 212              		.loc 1 119 3 is_stmt 1 view .LVU45
 119:Core/Src/main.c ****   RCC_OscInitStruct.HSIState = RCC_HSI_ON;
 213              		.loc 1 119 36 is_stmt 0 view .LVU46
 214 0018 0223     		movs	r3, #2
 215 001a 0493     		str	r3, [sp, #16]
 120:Core/Src/main.c ****   RCC_OscInitStruct.HSICalibrationValue = RCC_HSICALIBRATION_DEFAULT;
 216              		.loc 1 120 3 is_stmt 1 view .LVU47
 120:Core/Src/main.c ****   RCC_OscInitStruct.HSICalibrationValue = RCC_HSICALIBRATION_DEFAULT;
 217              		.loc 1 120 30 is_stmt 0 view .LVU48
 218 001c 0122     		movs	r2, #1
 219 001e 0792     		str	r2, [sp, #28]
 121:Core/Src/main.c ****   RCC_OscInitStruct.PLL.PLLState = RCC_PLL_ON;
 220              		.loc 1 121 3 is_stmt 1 view .LVU49
 121:Core/Src/main.c ****   RCC_OscInitStruct.PLL.PLLState = RCC_PLL_ON;
 221              		.loc 1 121 41 is_stmt 0 view .LVU50
 222 0020 0F32     		adds	r2, r2, #15
 223 0022 0892     		str	r2, [sp, #32]
 122:Core/Src/main.c ****   RCC_OscInitStruct.PLL.PLLSource = RCC_PLLSOURCE_HSI;
 224              		.loc 1 122 3 is_stmt 1 view .LVU51
 122:Core/Src/main.c ****   RCC_OscInitStruct.PLL.PLLSource = RCC_PLLSOURCE_HSI;
 225              		.loc 1 122 34 is_stmt 0 view .LVU52
 226 0024 0C93     		str	r3, [sp, #48]
 123:Core/Src/main.c ****   RCC_OscInitStruct.PLL.PLLMUL = RCC_PLL_MUL12;
 227              		.loc 1 123 3 is_stmt 1 view .LVU53
ARM GAS  C:\Users\NRM1\AppData\Local\Temp\ccYlGpDw.s 			page 11


 124:Core/Src/main.c ****   RCC_OscInitStruct.PLL.PREDIV = RCC_PREDIV_DIV1;
 228              		.loc 1 124 3 view .LVU54
 124:Core/Src/main.c ****   RCC_OscInitStruct.PLL.PREDIV = RCC_PREDIV_DIV1;
 229              		.loc 1 124 32 is_stmt 0 view .LVU55
 230 0026 A023     		movs	r3, #160
 231 0028 9B03     		lsls	r3, r3, #14
 232 002a 0E93     		str	r3, [sp, #56]
 125:Core/Src/main.c ****   if (HAL_RCC_OscConfig(&RCC_OscInitStruct) != HAL_OK)
 233              		.loc 1 125 3 is_stmt 1 view .LVU56
 126:Core/Src/main.c ****   {
 234              		.loc 1 126 3 view .LVU57
 126:Core/Src/main.c ****   {
 235              		.loc 1 126 7 is_stmt 0 view .LVU58
 236 002c 04A8     		add	r0, sp, #16
 237 002e FFF7FEFF 		bl	HAL_RCC_OscConfig
 238              	.LVL6:
 126:Core/Src/main.c ****   {
 239              		.loc 1 126 6 view .LVU59
 240 0032 0028     		cmp	r0, #0
 241 0034 0ED1     		bne	.L9
 133:Core/Src/main.c ****                               |RCC_CLOCKTYPE_PCLK1;
 242              		.loc 1 133 3 is_stmt 1 view .LVU60
 133:Core/Src/main.c ****                               |RCC_CLOCKTYPE_PCLK1;
 243              		.loc 1 133 31 is_stmt 0 view .LVU61
 244 0036 0723     		movs	r3, #7
 245 0038 0093     		str	r3, [sp]
 135:Core/Src/main.c ****   RCC_ClkInitStruct.AHBCLKDivider = RCC_SYSCLK_DIV1;
 246              		.loc 1 135 3 is_stmt 1 view .LVU62
 135:Core/Src/main.c ****   RCC_ClkInitStruct.AHBCLKDivider = RCC_SYSCLK_DIV1;
 247              		.loc 1 135 34 is_stmt 0 view .LVU63
 248 003a 053B     		subs	r3, r3, #5
 249 003c 0193     		str	r3, [sp, #4]
 136:Core/Src/main.c ****   RCC_ClkInitStruct.APB1CLKDivider = RCC_HCLK_DIV1;
 250              		.loc 1 136 3 is_stmt 1 view .LVU64
 136:Core/Src/main.c ****   RCC_ClkInitStruct.APB1CLKDivider = RCC_HCLK_DIV1;
 251              		.loc 1 136 35 is_stmt 0 view .LVU65
 252 003e 0023     		movs	r3, #0
 253 0040 0293     		str	r3, [sp, #8]
 137:Core/Src/main.c **** 
 254              		.loc 1 137 3 is_stmt 1 view .LVU66
 137:Core/Src/main.c **** 
 255              		.loc 1 137 36 is_stmt 0 view .LVU67
 256 0042 0393     		str	r3, [sp, #12]
 139:Core/Src/main.c ****   {
 257              		.loc 1 139 3 is_stmt 1 view .LVU68
 139:Core/Src/main.c ****   {
 258              		.loc 1 139 7 is_stmt 0 view .LVU69
 259 0044 0121     		movs	r1, #1
 260 0046 6846     		mov	r0, sp
 261 0048 FFF7FEFF 		bl	HAL_RCC_ClockConfig
 262              	.LVL7:
 139:Core/Src/main.c ****   {
 263              		.loc 1 139 6 view .LVU70
 264 004c 0028     		cmp	r0, #0
 265 004e 03D1     		bne	.L10
 143:Core/Src/main.c **** 
 266              		.loc 1 143 1 view .LVU71
ARM GAS  C:\Users\NRM1\AppData\Local\Temp\ccYlGpDw.s 			page 12


 267 0050 11B0     		add	sp, sp, #68
 268              		@ sp needed
 269 0052 00BD     		pop	{pc}
 270              	.L9:
 128:Core/Src/main.c ****   }
 271              		.loc 1 128 5 is_stmt 1 view .LVU72
 272 0054 FFF7FEFF 		bl	Error_Handler
 273              	.LVL8:
 274              	.L10:
 141:Core/Src/main.c ****   }
 275              		.loc 1 141 5 view .LVU73
 276 0058 FFF7FEFF 		bl	Error_Handler
 277              	.LVL9:
 278              		.cfi_endproc
 279              	.LFE41:
 281              		.section	.text.main,"ax",%progbits
 282              		.align	1
 283              		.global	main
 284              		.syntax unified
 285              		.code	16
 286              		.thumb_func
 288              	main:
 289              	.LFB40:
  64:Core/Src/main.c ****   /* USER CODE BEGIN 1 */
 290              		.loc 1 64 1 view -0
 291              		.cfi_startproc
 292              		@ Volatile: function does not return.
 293              		@ args = 0, pretend = 0, frame = 0
 294              		@ frame_needed = 0, uses_anonymous_args = 0
 295 0000 10B5     		push	{r4, lr}
 296              	.LCFI4:
 297              		.cfi_def_cfa_offset 8
 298              		.cfi_offset 4, -8
 299              		.cfi_offset 14, -4
  72:Core/Src/main.c **** 
 300              		.loc 1 72 3 view .LVU75
 301 0002 FFF7FEFF 		bl	HAL_Init
 302              	.LVL10:
  79:Core/Src/main.c **** 
 303              		.loc 1 79 3 view .LVU76
 304 0006 FFF7FEFF 		bl	SystemClock_Config
 305              	.LVL11:
  86:Core/Src/main.c ****   /* USER CODE BEGIN 2 */
 306              		.loc 1 86 3 view .LVU77
 307 000a FFF7FEFF 		bl	MX_GPIO_Init
 308              	.LVL12:
 309              	.L12:
  93:Core/Src/main.c ****   {	HAL_GPIO_TogglePin(LD4_GPIO_Port,LD4_Pin);
 310              		.loc 1 93 3 discriminator 1 view .LVU78
  94:Core/Src/main.c **** 	//HAL_GPIO_TogglePin(LD3_GPIO_Port,LD3_Pin);
 311              		.loc 1 94 5 discriminator 1 view .LVU79
 312 000e 8021     		movs	r1, #128
 313 0010 4900     		lsls	r1, r1, #1
 314 0012 0348     		ldr	r0, .L13
 315 0014 FFF7FEFF 		bl	HAL_GPIO_TogglePin
 316              	.LVL13:
  96:Core/Src/main.c **** 
ARM GAS  C:\Users\NRM1\AppData\Local\Temp\ccYlGpDw.s 			page 13


 317              		.loc 1 96 2 discriminator 1 view .LVU80
 318 0018 6420     		movs	r0, #100
 319 001a FFF7FEFF 		bl	HAL_Delay
 320              	.LVL14:
  93:Core/Src/main.c ****   {	HAL_GPIO_TogglePin(LD4_GPIO_Port,LD4_Pin);
 321              		.loc 1 93 9 discriminator 1 view .LVU81
 322 001e F6E7     		b	.L12
 323              	.L14:
 324              		.align	2
 325              	.L13:
 326 0020 00080048 		.word	1207961600
 327              		.cfi_endproc
 328              	.LFE40:
 330              		.text
 331              	.Letext0:
 332              		.file 3 "d:\\otomasyon\\alanim\\usedsoftware\\dev\\tools\\arm-gnu-toolchain-12.2.rel1-mingw-w64-i6
 333              		.file 4 "d:\\otomasyon\\alanim\\usedsoftware\\dev\\tools\\arm-gnu-toolchain-12.2.rel1-mingw-w64-i6
 334              		.file 5 "Drivers/CMSIS/Device/ST/STM32F0xx/Include/stm32f051x8.h"
 335              		.file 6 "Drivers/STM32F0xx_HAL_Driver/Inc/stm32f0xx_hal_def.h"
 336              		.file 7 "Drivers/STM32F0xx_HAL_Driver/Inc/stm32f0xx_hal_rcc.h"
 337              		.file 8 "Drivers/STM32F0xx_HAL_Driver/Inc/stm32f0xx_hal_gpio.h"
 338              		.file 9 "Drivers/STM32F0xx_HAL_Driver/Inc/stm32f0xx_hal.h"
 339              		.file 10 "<built-in>"
ARM GAS  C:\Users\NRM1\AppData\Local\Temp\ccYlGpDw.s 			page 14


DEFINED SYMBOLS
                            *ABS*:00000000 main.c
C:\Users\NRM1\AppData\Local\Temp\ccYlGpDw.s:19     .text.MX_GPIO_Init:00000000 $t
C:\Users\NRM1\AppData\Local\Temp\ccYlGpDw.s:24     .text.MX_GPIO_Init:00000000 MX_GPIO_Init
C:\Users\NRM1\AppData\Local\Temp\ccYlGpDw.s:135    .text.MX_GPIO_Init:00000070 $d
C:\Users\NRM1\AppData\Local\Temp\ccYlGpDw.s:141    .text.Error_Handler:00000000 $t
C:\Users\NRM1\AppData\Local\Temp\ccYlGpDw.s:147    .text.Error_Handler:00000000 Error_Handler
C:\Users\NRM1\AppData\Local\Temp\ccYlGpDw.s:179    .text.SystemClock_Config:00000000 $t
C:\Users\NRM1\AppData\Local\Temp\ccYlGpDw.s:185    .text.SystemClock_Config:00000000 SystemClock_Config
C:\Users\NRM1\AppData\Local\Temp\ccYlGpDw.s:282    .text.main:00000000 $t
C:\Users\NRM1\AppData\Local\Temp\ccYlGpDw.s:288    .text.main:00000000 main
C:\Users\NRM1\AppData\Local\Temp\ccYlGpDw.s:326    .text.main:00000020 $d

UNDEFINED SYMBOLS
memset
HAL_GPIO_WritePin
HAL_GPIO_Init
HAL_RCC_OscConfig
HAL_RCC_ClockConfig
HAL_Init
HAL_GPIO_TogglePin
HAL_Delay
